{"numTotalTestSuites":2,"numPassedTestSuites":2,"numFailedTestSuites":0,"numPendingTestSuites":0,"numTotalTests":3,"numPassedTests":3,"numFailedTests":0,"numPendingTests":0,"numTodoTests":0,"snapshot":{"added":0,"failure":false,"filesAdded":0,"filesRemoved":0,"filesRemovedList":[],"filesUnmatched":0,"filesUpdated":0,"matched":0,"total":0,"unchecked":0,"uncheckedKeysByFile":[],"unmatched":0,"updated":0,"didUpdate":false},"startTime":1764752941889,"success":true,"testResults":[{"assertionResults":[{"ancestorTitles":["Tanstack Start + Hono Auth Pattern"],"fullName":"Tanstack Start + Hono Auth Pattern should authenticate valid credentials","status":"passed","title":"should authenticate valid credentials","duration":11.258199999999988,"failureMessages":[],"meta":{}},{"ancestorTitles":["Tanstack Start + Hono Auth Pattern"],"fullName":"Tanstack Start + Hono Auth Pattern should reject invalid credentials","status":"passed","title":"should reject invalid credentials","duration":3.45029999999997,"failureMessages":[],"meta":{}},{"ancestorTitles":["Tanstack Start + Hono Auth Pattern"],"fullName":"Tanstack Start + Hono Auth Pattern should require email and password","status":"passed","title":"should require email and password","duration":1.656400000000076,"failureMessages":[],"meta":{}}],"startTime":1764752943200,"endTime":1764752943216.6565,"status":"passed","message":"","name":"D:/pems/tests/test-auth-hono-pattern.test.ts"}]}