{
  "numTotalTestSuites": 4,
  "numPassedTestSuites": 4,
  "numFailedTestSuites": 0,
  "numPendingTestSuites": 0,
  "numTotalTests": 10,
  "numPassedTests": 10,
  "numFailedTests": 0,
  "numPendingTests": 0,
  "numTodoTests": 0,
  "snapshot": {
    "added": 0,
    "failure": false,
    "filesAdded": 0,
    "filesRemoved": 0,
    "filesRemovedList": [],
    "filesUnmatched": 0,
    "filesUpdated": 0,
    "matched": 0,
    "total": 0,
    "unchecked": 0,
    "uncheckedKeysByFile": [],
    "unmatched": 0,
    "updated": 0,
    "didUpdate": false
  },
  "startTime": 1764715018634,
  "success": true,
  "testResults": [
    {
      "assertionResults": [
        {
          "ancestorTitles": ["Shared Utils", "formatCurrency"],
          "fullName": "Shared Utils formatCurrency should format currency correctly for positive numbers",
          "status": "passed",
          "title": "should format currency correctly for positive numbers",
          "duration": 20.077299999999923,
          "failureMessages": [],
          "meta": {}
        },
        {
          "ancestorTitles": ["Shared Utils", "formatCurrency"],
          "fullName": "Shared Utils formatCurrency should format currency correctly for whole numbers",
          "status": "passed",
          "title": "should format currency correctly for whole numbers",
          "duration": 0.330600000000004,
          "failureMessages": [],
          "meta": {}
        },
        {
          "ancestorTitles": ["Shared Utils", "formatCurrency"],
          "fullName": "Shared Utils formatCurrency should format currency correctly for zero",
          "status": "passed",
          "title": "should format currency correctly for zero",
          "duration": 0.25090000000000146,
          "failureMessages": [],
          "meta": {}
        },
        {
          "ancestorTitles": ["Shared Utils", "formatCurrency"],
          "fullName": "Shared Utils formatCurrency should format currency correctly for negative numbers",
          "status": "passed",
          "title": "should format currency correctly for negative numbers",
          "duration": 0.3588999999999487,
          "failureMessages": [],
          "meta": {}
        },
        {
          "ancestorTitles": ["Shared Utils", "formatCurrency"],
          "fullName": "Shared Utils formatCurrency should handle decimal places correctly",
          "status": "passed",
          "title": "should handle decimal places correctly",
          "duration": 0.4964999999999691,
          "failureMessages": [],
          "meta": {}
        },
        {
          "ancestorTitles": ["Shared Utils", "formatDate"],
          "fullName": "Shared Utils formatDate should format date to ISO string",
          "status": "passed",
          "title": "should format date to ISO string",
          "duration": 0.20280000000002474,
          "failureMessages": [],
          "meta": {}
        },
        {
          "ancestorTitles": ["Shared Utils", "formatDate"],
          "fullName": "Shared Utils formatDate should handle date with time components",
          "status": "passed",
          "title": "should handle date with time components",
          "duration": 0.19519999999988613,
          "failureMessages": [],
          "meta": {}
        },
        {
          "ancestorTitles": ["Shared Utils", "formatDate"],
          "fullName": "Shared Utils formatDate should handle edge case dates",
          "status": "passed",
          "title": "should handle edge case dates",
          "duration": 0.23070000000006985,
          "failureMessages": [],
          "meta": {}
        },
        {
          "ancestorTitles": ["Shared Utils", "formatDate"],
          "fullName": "Shared Utils formatDate should handle invalid dates gracefully",
          "status": "passed",
          "title": "should handle invalid dates gracefully",
          "duration": 0.29670000000010077,
          "failureMessages": [],
          "meta": {}
        },
        {
          "ancestorTitles": ["Shared Utils", "formatDate"],
          "fullName": "Shared Utils formatDate should handle current date",
          "status": "passed",
          "title": "should handle current date",
          "duration": 0.27150000000006,
          "failureMessages": [],
          "meta": {}
        }
      ],
      "startTime": 1764715019683,
      "endTime": 1764715019706.2966,
      "status": "passed",
      "message": "",
      "name": "D:/pems/packages/shared/utils/src/index.test.ts"
    }
  ]
}
