{
  "numTotalTestSuites": 4,
  "numPassedTestSuites": 4,
  "numFailedTestSuites": 0,
  "numPendingTestSuites": 0,
  "numTotalTests": 10,
  "numPassedTests": 10,
  "numFailedTests": 0,
  "numPendingTests": 0,
  "numTodoTests": 0,
  "snapshot": {
    "added": 0,
    "failure": false,
    "filesAdded": 0,
    "filesRemoved": 0,
    "filesRemovedList": [],
    "filesUnmatched": 0,
    "filesUpdated": 0,
    "matched": 0,
    "total": 0,
    "unchecked": 0,
    "uncheckedKeysByFile": [],
    "unmatched": 0,
    "updated": 0,
    "didUpdate": false
  },
  "startTime": 1764753898125,
  "success": true,
  "testResults": [
    {
      "assertionResults": [
        {
          "ancestorTitles": ["Shared Utils", "formatCurrency"],
          "fullName": "Shared Utils formatCurrency should format currency correctly for positive numbers",
          "status": "passed",
          "title": "should format currency correctly for positive numbers",
          "duration": 19.07439999999997,
          "failureMessages": [],
          "meta": {}
        },
        {
          "ancestorTitles": ["Shared Utils", "formatCurrency"],
          "fullName": "Shared Utils formatCurrency should format currency correctly for whole numbers",
          "status": "passed",
          "title": "should format currency correctly for whole numbers",
          "duration": 0.27690000000006876,
          "failureMessages": [],
          "meta": {}
        },
        {
          "ancestorTitles": ["Shared Utils", "formatCurrency"],
          "fullName": "Shared Utils formatCurrency should format currency correctly for zero",
          "status": "passed",
          "title": "should format currency correctly for zero",
          "duration": 0.21939999999995052,
          "failureMessages": [],
          "meta": {}
        },
        {
          "ancestorTitles": ["Shared Utils", "formatCurrency"],
          "fullName": "Shared Utils formatCurrency should format currency correctly for negative numbers",
          "status": "passed",
          "title": "should format currency correctly for negative numbers",
          "duration": 0.24080000000003565,
          "failureMessages": [],
          "meta": {}
        },
        {
          "ancestorTitles": ["Shared Utils", "formatCurrency"],
          "fullName": "Shared Utils formatCurrency should handle decimal places correctly",
          "status": "passed",
          "title": "should handle decimal places correctly",
          "duration": 0.42830000000003565,
          "failureMessages": [],
          "meta": {}
        },
        {
          "ancestorTitles": ["Shared Utils", "formatDate"],
          "fullName": "Shared Utils formatDate should format date to ISO string",
          "status": "passed",
          "title": "should format date to ISO string",
          "duration": 0.24610000000006949,
          "failureMessages": [],
          "meta": {}
        },
        {
          "ancestorTitles": ["Shared Utils", "formatDate"],
          "fullName": "Shared Utils formatDate should handle date with time components",
          "status": "passed",
          "title": "should handle date with time components",
          "duration": 0.12030000000004293,
          "failureMessages": [],
          "meta": {}
        },
        {
          "ancestorTitles": ["Shared Utils", "formatDate"],
          "fullName": "Shared Utils formatDate should handle edge case dates",
          "status": "passed",
          "title": "should handle edge case dates",
          "duration": 0.17580000000020846,
          "failureMessages": [],
          "meta": {}
        },
        {
          "ancestorTitles": ["Shared Utils", "formatDate"],
          "fullName": "Shared Utils formatDate should handle invalid dates gracefully",
          "status": "passed",
          "title": "should handle invalid dates gracefully",
          "duration": 0.24309999999991305,
          "failureMessages": [],
          "meta": {}
        },
        {
          "ancestorTitles": ["Shared Utils", "formatDate"],
          "fullName": "Shared Utils formatDate should handle current date",
          "status": "passed",
          "title": "should handle current date",
          "duration": 0.20119999999997162,
          "failureMessages": [],
          "meta": {}
        }
      ],
      "startTime": 1764753899247,
      "endTime": 1764753899268.2432,
      "status": "passed",
      "message": "",
      "name": "D:/pems/packages/shared/utils/src/index.test.ts"
    }
  ],
  "coverageMap": {
    "D:\\pems\\packages\\shared\\utils\\src\\index.ts": {
      "path": "D:\\pems\\packages\\shared\\utils\\src\\index.ts",
      "statementMap": {
        "0": {
          "start": { "line": 3, "column": 2 },
          "end": { "line": 6, "column": null }
        },
        "1": {
          "start": { "line": 10, "column": 2 },
          "end": { "line": 14, "column": null }
        },
        "2": {
          "start": { "line": 11, "column": 4 },
          "end": { "line": 11, "column": null }
        },
        "3": {
          "start": { "line": 13, "column": 4 },
          "end": { "line": 13, "column": null }
        }
      },
      "fnMap": {
        "0": {
          "name": "formatCurrency",
          "decl": {
            "start": { "line": 2, "column": 16 },
            "end": { "line": 2, "column": 31 }
          },
          "loc": {
            "start": { "line": 2, "column": 55 },
            "end": { "line": 7, "column": null }
          },
          "line": 2
        },
        "1": {
          "name": "formatDate",
          "decl": {
            "start": { "line": 9, "column": 16 },
            "end": { "line": 9, "column": 27 }
          },
          "loc": {
            "start": { "line": 9, "column": 47 },
            "end": { "line": 15, "column": null }
          },
          "line": 9
        }
      },
      "branchMap": {
        "0": {
          "loc": {
            "start": { "line": 11, "column": 11 },
            "end": { "line": 11, "column": null }
          },
          "type": "binary-expr",
          "locations": [
            {
              "start": { "line": 11, "column": 11 },
              "end": { "line": 11, "column": 47 }
            },
            {
              "start": { "line": 11, "column": 47 },
              "end": { "line": 11, "column": null }
            }
          ],
          "line": 11
        }
      },
      "s": { "0": 6, "1": 5, "2": 5, "3": 1 },
      "f": { "0": 6, "1": 5 },
      "b": { "0": [5, 0] },
      "meta": {
        "lastBranch": 1,
        "lastFunction": 2,
        "lastStatement": 4,
        "seen": {
          "f:2:16:2:31": 0,
          "s:3:2:6:Infinity": 0,
          "f:9:16:9:27": 1,
          "s:10:2:14:Infinity": 1,
          "s:11:4:11:Infinity": 2,
          "b:11:11:11:47:11:47:11:Infinity": 0,
          "s:13:4:13:Infinity": 3
        }
      }
    }
  }
}
