{"D:\\pems\\packages\\shared\\utils\\src\\index.ts": {"path":"D:\\pems\\packages\\shared\\utils\\src\\index.ts","statementMap":{"0":{"start":{"line":3,"column":2},"end":{"line":6,"column":null}},"1":{"start":{"line":10,"column":2},"end":{"line":14,"column":null}},"2":{"start":{"line":11,"column":4},"end":{"line":11,"column":null}},"3":{"start":{"line":13,"column":4},"end":{"line":13,"column":null}}},"fnMap":{"0":{"name":"formatCurrency","decl":{"start":{"line":2,"column":16},"end":{"line":2,"column":31}},"loc":{"start":{"line":2,"column":55},"end":{"line":7,"column":null}},"line":2},"1":{"name":"formatDate","decl":{"start":{"line":9,"column":16},"end":{"line":9,"column":27}},"loc":{"start":{"line":9,"column":47},"end":{"line":15,"column":null}},"line":9}},"branchMap":{"0":{"loc":{"start":{"line":11,"column":11},"end":{"line":11,"column":null}},"type":"binary-expr","locations":[{"start":{"line":11,"column":11},"end":{"line":11,"column":47}},{"start":{"line":11,"column":47},"end":{"line":11,"column":null}}],"line":11}},"s":{"0":6,"1":5,"2":5,"3":1},"f":{"0":6,"1":5},"b":{"0":[5,0]},"meta":{"lastBranch":1,"lastFunction":2,"lastStatement":4,"seen":{"f:2:16:2:31":0,"s:3:2:6:Infinity":0,"f:9:16:9:27":1,"s:10:2:14:Infinity":1,"s:11:4:11:Infinity":2,"b:11:11:11:47:11:47:11:Infinity":0,"s:13:4:13:Infinity":3}}}
}
